[debug] [2021-04-14T11:42:24.652Z] ----------------------------------------------------------------------
[debug] [2021-04-14T11:42:24.655Z] Command:       C:\Program Files\nodejs\node.exe C:\Users\nandy\AppData\Roaming\npm\node_modules\firebase-tools\lib\bin\firebase.js emulators:start
[debug] [2021-04-14T11:42:24.656Z] CLI Version:   9.10.0
[debug] [2021-04-14T11:42:24.656Z] Platform:      win32
[debug] [2021-04-14T11:42:24.656Z] Node Version:  v13.11.0
[debug] [2021-04-14T11:42:24.670Z] Time:          Wed Apr 14 2021 17:12:24 GMT+0530 (India Standard Time)
[debug] [2021-04-14T11:42:24.670Z] ----------------------------------------------------------------------
[debug] 
[debug] [2021-04-14T11:42:24.686Z] > command requires scopes: ["email","openid","https://www.googleapis.com/auth/cloudplatformprojects.readonly","https://www.googleapis.com/auth/firebase","https://www.googleapis.com/auth/cloud-platform"]
[debug] [2021-04-14T11:42:24.686Z] > authorizing via signed-in user (souviknandy816@gmail.com)
[info] i  emulators: Starting emulators: functions, hosting {"metadata":{"emulator":{"name":"hub"},"message":"Starting emulators: functions, hosting"}}
[debug] [2021-04-14T11:42:26.786Z] [hub] writing locator at C:\Users\nandy\AppData\Local\Temp\hub-clone-ccc8b.json
[warn] !  functions: The following emulators are not running, calls to these services from the Functions emulator will affect production: auth, firestore, database, pubsub {"metadata":{"emulator":{"name":"functions"},"message":"The following emulators are not running, calls to these services from the Functions emulator will affect production: \u001b[1mauth, firestore, database, pubsub\u001b[22m"}}
[warn] !  Your requested "node" version "12" doesn't match your global version "13" {"metadata":{"emulator":{"name":"functions"},"message":"Your requested \"node\" version \"12\" doesn't match your global version \"13\""}}
[debug] [2021-04-14T11:42:28.905Z] defaultcredentials: writing to file C:\Users\nandy\AppData\Roaming\firebase\souviknandy816_gmail_com_application_default_credentials.json
[debug] [2021-04-14T11:42:28.910Z] Setting GAC to C:\Users\nandy\AppData\Roaming\firebase\souviknandy816_gmail_com_application_default_credentials.json {"metadata":{"emulator":{"name":"functions"},"message":"Setting GAC to C:\\Users\\nandy\\AppData\\Roaming\\firebase\\souviknandy816_gmail_com_application_default_credentials.json"}}
[debug] [2021-04-14T11:42:28.916Z] > refreshing access token with scopes: []
[debug] [2021-04-14T11:42:28.918Z] >>> HTTP REQUEST POST https://www.googleapis.com/oauth2/v3/token  
 <request body omitted>
[debug] [2021-04-14T11:42:50.016Z] Failed to get Admin SDK config for clone-ccc8b, falling back to cache Failed to get Admin SDK for Firebase project clone-ccc8b. Please make sure the project exists and your account has permission to access it. {"name":"FirebaseError","children":[],"exit":2,"message":"Failed to get Admin SDK for Firebase project clone-ccc8b. Please make sure the project exists and your account has permission to access it.","original":{"name":"FirebaseError","children":[],"exit":1,"message":"Authentication Error: Your credentials are no longer valid. Please run \u001b[1mfirebase login --reauth\u001b[22m\n\nFor CI servers and headless environments, generate a new token with \u001b[1mfirebase login:ci\u001b[22m","status":500},"status":500}
[debug] [2021-04-14T11:42:52.053Z] > refreshing access token with scopes: []
[debug] [2021-04-14T11:42:52.053Z] >>> HTTP REQUEST POST https://www.googleapis.com/oauth2/v3/token  
 <request body omitted>
[debug] [2021-04-14T11:43:13.088Z] fetchWebSetup error: FirebaseError: Authentication Error: Your credentials are no longer valid. Please run firebase login --reauth

For CI servers and headless environments, generate a new token with firebase login:ci
[warn] !  hosting: Using web app configuration from cache. 
[info] i  hosting: Serving hosting files from: build {"metadata":{"emulator":{"name":"hosting"},"message":"Serving hosting files from: \u001b[1mbuild\u001b[22m"}}
[info] +  hosting: Local server: http://localhost:5000 {"metadata":{"emulator":{"name":"hosting"},"message":"Local server: \u001b[4m\u001b[1mhttp://localhost:5000\u001b[22m\u001b[24m"}}
[debug] [2021-04-14T11:43:17.192Z] Ignoring unsupported arg: auto_download {"metadata":{"emulator":{"name":"ui"},"message":"Ignoring unsupported arg: auto_download"}}
[debug] [2021-04-14T11:43:17.193Z] Ignoring unsupported arg: port {"metadata":{"emulator":{"name":"ui"},"message":"Ignoring unsupported arg: port"}}
[debug] [2021-04-14T11:43:17.193Z] Starting Emulator UI with command {"binary":"node","args":["C:\\Users\\nandy\\.cache\\firebase\\emulators\\ui-v1.4.2\\server.bundle.js"],"optionalArgs":[],"joinArgs":false} {"metadata":{"emulator":{"name":"ui"},"message":"Starting Emulator UI with command {\"binary\":\"node\",\"args\":[\"C:\\\\Users\\\\nandy\\\\.cache\\\\firebase\\\\emulators\\\\ui-v1.4.2\\\\server.bundle.js\"],\"optionalArgs\":[],\"joinArgs\":false}"}}
[info] i  ui: Emulator UI logging to ui-debug.log {"metadata":{"emulator":{"name":"ui"},"message":"Emulator UI logging to \u001b[1mui-debug.log\u001b[22m"}}
[debug] [2021-04-14T11:43:17.387Z] Web / API server started at http://localhost:4000
 {"metadata":{"emulator":{"name":"ui"},"message":"Web / API server started at http://localhost:4000\n"}}
[info] i  functions: Watching "C:\Users\nandy\Documents\JavaScript\AMAZON\amazon-clone\functions" for Cloud Functions... {"metadata":{"emulator":{"name":"functions"},"message":"Watching \"C:\\Users\\nandy\\Documents\\JavaScript\\AMAZON\\amazon-clone\\functions\" for Cloud Functions..."}}
[debug] [2021-04-14T11:43:17.749Z] [worker-pool] addWorker(~diagnostic~) {"metadata":{"emulator":{"name":"functions"},"message":"[worker-pool] addWorker(~diagnostic~)"}}
[debug] [2021-04-14T11:43:17.749Z] [worker-pool] Adding worker with key ~diagnostic~, total=1 {"metadata":{"emulator":{"name":"functions"},"message":"[worker-pool] Adding worker with key ~diagnostic~, total=1"}}
[debug] [2021-04-14T11:43:17.750Z] [worker-pool] submitWork(triggerId=) {"metadata":{"emulator":{"name":"functions"},"message":"[worker-pool] submitWork(triggerId=)"}}
[debug] [2021-04-14T11:43:17.751Z] [worker-~diagnostic~-5cb8205d-765c-4fcb-9379-33dbd6a7cce9]: Assigning socketPath: \\?\pipe\C:\Users\nandy\Documents\JavaScript\AMAZON\amazon-clone\functions\20128 {"metadata":{"emulator":{"name":"functions"},"message":"[worker-~diagnostic~-5cb8205d-765c-4fcb-9379-33dbd6a7cce9]: Assigning socketPath: \\\\?\\pipe\\C:\\Users\\nandy\\Documents\\JavaScript\\AMAZON\\amazon-clone\\functions\\20128"}}
[debug] [2021-04-14T11:43:17.752Z] [worker-~diagnostic~-5cb8205d-765c-4fcb-9379-33dbd6a7cce9]: BUSY {"metadata":{"emulator":{"name":"functions"},"message":"[worker-~diagnostic~-5cb8205d-765c-4fcb-9379-33dbd6a7cce9]: BUSY"}}
[debug] [2021-04-14T11:43:18.133Z] [runtime-status] [20128] Functions runtime initialized. {"cwd":"C:\\Users\\nandy\\Documents\\JavaScript\\AMAZON\\amazon-clone\\functions","node_version":"13.11.0"} {"metadata":{"emulator":{"name":"functions"},"message":"[runtime-status] [20128] Functions runtime initialized. {\"cwd\":\"C:\\\\Users\\\\nandy\\\\Documents\\\\JavaScript\\\\AMAZON\\\\amazon-clone\\\\functions\",\"node_version\":\"13.11.0\"}"}}
[debug] [2021-04-14T11:43:18.134Z] [runtime-status] [20128] Disabled runtime features: undefined {"metadata":{"emulator":{"name":"functions"},"message":"[runtime-status] [20128] Disabled runtime features: undefined"}}
[debug] [2021-04-14T11:43:18.140Z] [runtime-status] [20128] Resolved module firebase-admin {"declared":true,"installed":true,"version":"9.6.0","resolution":"C:\\Users\\nandy\\Documents\\JavaScript\\AMAZON\\amazon-clone\\functions\\node_modules\\firebase-admin\\lib\\index.js"} {"metadata":{"emulator":{"name":"functions"},"message":"[runtime-status] [20128] Resolved module firebase-admin {\"declared\":true,\"installed\":true,\"version\":\"9.6.0\",\"resolution\":\"C:\\\\Users\\\\nandy\\\\Documents\\\\JavaScript\\\\AMAZON\\\\amazon-clone\\\\functions\\\\node_modules\\\\firebase-admin\\\\lib\\\\index.js\"}"}}
[debug] [2021-04-14T11:43:18.144Z] [runtime-status] [20128] Resolved module firebase-functions {"declared":true,"installed":true,"version":"3.13.2","resolution":"C:\\Users\\nandy\\Documents\\JavaScript\\AMAZON\\amazon-clone\\functions\\node_modules\\firebase-functions\\lib\\index.js"} {"metadata":{"emulator":{"name":"functions"},"message":"[runtime-status] [20128] Resolved module firebase-functions {\"declared\":true,\"installed\":true,\"version\":\"3.13.2\",\"resolution\":\"C:\\\\Users\\\\nandy\\\\Documents\\\\JavaScript\\\\AMAZON\\\\amazon-clone\\\\functions\\\\node_modules\\\\firebase-functions\\\\lib\\\\index.js\"}"}}
[debug] [2021-04-14T11:43:18.146Z] [runtime-status] [20128] Resolved module firebase-functions {"declared":true,"installed":true,"version":"3.13.2","resolution":"C:\\Users\\nandy\\Documents\\JavaScript\\AMAZON\\amazon-clone\\functions\\node_modules\\firebase-functions\\lib\\index.js"} {"metadata":{"emulator":{"name":"functions"},"message":"[runtime-status] [20128] Resolved module firebase-functions {\"declared\":true,\"installed\":true,\"version\":\"3.13.2\",\"resolution\":\"C:\\\\Users\\\\nandy\\\\Documents\\\\JavaScript\\\\AMAZON\\\\amazon-clone\\\\functions\\\\node_modules\\\\firebase-functions\\\\lib\\\\index.js\"}"}}
[debug] [2021-04-14T11:43:18.148Z] [runtime-status] [20128] Outgoing network have been stubbed. [{"name":"http","status":"mocked"},{"name":"http","status":"mocked"},{"name":"https","status":"mocked"},{"name":"https","status":"mocked"},{"name":"net","status":"mocked"}] {"metadata":{"emulator":{"name":"functions"},"message":"[runtime-status] [20128] Outgoing network have been stubbed. [{\"name\":\"http\",\"status\":\"mocked\"},{\"name\":\"http\",\"status\":\"mocked\"},{\"name\":\"https\",\"status\":\"mocked\"},{\"name\":\"https\",\"status\":\"mocked\"},{\"name\":\"net\",\"status\":\"mocked\"}]"}}
[debug] [2021-04-14T11:43:18.149Z] [runtime-status] [20128] Resolved module firebase-functions {"declared":true,"installed":true,"version":"3.13.2","resolution":"C:\\Users\\nandy\\Documents\\JavaScript\\AMAZON\\amazon-clone\\functions\\node_modules\\firebase-functions\\lib\\index.js"} {"metadata":{"emulator":{"name":"functions"},"message":"[runtime-status] [20128] Resolved module firebase-functions {\"declared\":true,\"installed\":true,\"version\":\"3.13.2\",\"resolution\":\"C:\\\\Users\\\\nandy\\\\Documents\\\\JavaScript\\\\AMAZON\\\\amazon-clone\\\\functions\\\\node_modules\\\\firebase-functions\\\\lib\\\\index.js\"}"}}
[debug] [2021-04-14T11:43:18.255Z] [runtime-status] [20128] Checked functions.config() {"config":{}} {"metadata":{"emulator":{"name":"functions"},"message":"[runtime-status] [20128] Checked functions.config() {\"config\":{}}"}}
[debug] [2021-04-14T11:43:18.255Z] [runtime-status] [20128] firebase-functions has been stubbed. {"functionsResolution":{"declared":true,"installed":true,"version":"3.13.2","resolution":"C:\\Users\\nandy\\Documents\\JavaScript\\AMAZON\\amazon-clone\\functions\\node_modules\\firebase-functions\\lib\\index.js"}} {"metadata":{"emulator":{"name":"functions"},"message":"[runtime-status] [20128] firebase-functions has been stubbed. {\"functionsResolution\":{\"declared\":true,\"installed\":true,\"version\":\"3.13.2\",\"resolution\":\"C:\\\\Users\\\\nandy\\\\Documents\\\\JavaScript\\\\AMAZON\\\\amazon-clone\\\\functions\\\\node_modules\\\\firebase-functions\\\\lib\\\\index.js\"}}"}}
[debug] [2021-04-14T11:43:18.256Z] [runtime-status] [20128] Resolved module firebase-functions {"declared":true,"installed":true,"version":"3.13.2","resolution":"C:\\Users\\nandy\\Documents\\JavaScript\\AMAZON\\amazon-clone\\functions\\node_modules\\firebase-functions\\lib\\index.js"} {"metadata":{"emulator":{"name":"functions"},"message":"[runtime-status] [20128] Resolved module firebase-functions {\"declared\":true,\"installed\":true,\"version\":\"3.13.2\",\"resolution\":\"C:\\\\Users\\\\nandy\\\\Documents\\\\JavaScript\\\\AMAZON\\\\amazon-clone\\\\functions\\\\node_modules\\\\firebase-functions\\\\lib\\\\index.js\"}"}}
[debug] [2021-04-14T11:43:18.260Z] [runtime-status] [20128] Resolved module firebase-admin {"declared":true,"installed":true,"version":"9.6.0","resolution":"C:\\Users\\nandy\\Documents\\JavaScript\\AMAZON\\amazon-clone\\functions\\node_modules\\firebase-admin\\lib\\index.js"} {"metadata":{"emulator":{"name":"functions"},"message":"[runtime-status] [20128] Resolved module firebase-admin {\"declared\":true,\"installed\":true,\"version\":\"9.6.0\",\"resolution\":\"C:\\\\Users\\\\nandy\\\\Documents\\\\JavaScript\\\\AMAZON\\\\amazon-clone\\\\functions\\\\node_modules\\\\firebase-admin\\\\lib\\\\index.js\"}"}}
[debug] [2021-04-14T11:43:18.261Z] [runtime-status] [20128] Resolved module firebase-functions {"declared":true,"installed":true,"version":"3.13.2","resolution":"C:\\Users\\nandy\\Documents\\JavaScript\\AMAZON\\amazon-clone\\functions\\node_modules\\firebase-functions\\lib\\index.js"} {"metadata":{"emulator":{"name":"functions"},"message":"[runtime-status] [20128] Resolved module firebase-functions {\"declared\":true,\"installed\":true,\"version\":\"3.13.2\",\"resolution\":\"C:\\\\Users\\\\nandy\\\\Documents\\\\JavaScript\\\\AMAZON\\\\amazon-clone\\\\functions\\\\node_modules\\\\firebase-functions\\\\lib\\\\index.js\"}"}}
[debug] [2021-04-14T11:43:18.262Z] [runtime-status] [20128] firebase-admin has been stubbed. {"adminResolution":{"declared":true,"installed":true,"version":"9.6.0","resolution":"C:\\Users\\nandy\\Documents\\JavaScript\\AMAZON\\amazon-clone\\functions\\node_modules\\firebase-admin\\lib\\index.js"}} {"metadata":{"emulator":{"name":"functions"},"message":"[runtime-status] [20128] firebase-admin has been stubbed. {\"adminResolution\":{\"declared\":true,\"installed\":true,\"version\":\"9.6.0\",\"resolution\":\"C:\\\\Users\\\\nandy\\\\Documents\\\\JavaScript\\\\AMAZON\\\\amazon-clone\\\\functions\\\\node_modules\\\\firebase-admin\\\\lib\\\\index.js\"}}"}}
[info] +  functions[api]: http function initialized (http://localhost:5001/clone-ccc8b/us-central1/api). {"metadata":{"emulator":{"name":"functions"},"message":"\u001b[1mhttp\u001b[22m function initialized (http://localhost:5001/clone-ccc8b/us-central1/api)."}}
[info] 
┌─────────────────────────────────────────────────────────────┐
│ ✔  All emulators ready! It is now safe to connect your app. │
│ i  View Emulator UI at http://localhost:4000                │
└─────────────────────────────────────────────────────────────┘

┌───────────┬────────────────┬─────────────────────────────────┐
│ Emulator  │ Host:Port      │ View in Emulator UI             │
├───────────┼────────────────┼─────────────────────────────────┤
│ Functions │ localhost:5001 │ http://localhost:4000/functions │
├───────────┼────────────────┼─────────────────────────────────┤
│ Hosting   │ localhost:5000 │ n/a                             │
└───────────┴────────────────┴─────────────────────────────────┘
  Emulator Hub running at localhost:4400
  Other reserved ports: 4500

Issues? Report them at https://github.com/firebase/firebase-tools/issues and attach the *-debug.log files.
 
[debug] [2021-04-14T11:43:18.629Z] [worker-~diagnostic~-5cb8205d-765c-4fcb-9379-33dbd6a7cce9]: IDLE {"metadata":{"emulator":{"name":"functions"},"message":"[worker-~diagnostic~-5cb8205d-765c-4fcb-9379-33dbd6a7cce9]: IDLE"}}
[debug] [2021-04-14T11:43:40.059Z] [work-queue] {"queueLength":1,"workRunningCount":0}
[debug] [2021-04-14T11:43:40.060Z] [work-queue] {"queueLength":0,"workRunningCount":1}
[debug] [2021-04-14T11:43:40.061Z] Accepted request GET /clone-ccc8b/us-central1/api --> api
[debug] [2021-04-14T11:43:40.077Z] [worker-pool] addWorker(api) {"metadata":{"emulator":{"name":"functions"},"message":"[worker-pool] addWorker(api)"}}
[debug] [2021-04-14T11:43:40.078Z] [worker-pool] Adding worker with key api, total=1 {"metadata":{"emulator":{"name":"functions"},"message":"[worker-pool] Adding worker with key api, total=1"}}
[debug] [2021-04-14T11:43:40.078Z] [worker-pool] submitWork(triggerId=api) {"metadata":{"emulator":{"name":"functions"},"message":"[worker-pool] submitWork(triggerId=api)"}}
[debug] [2021-04-14T11:43:40.079Z] [worker-api-8c9b3e5a-737f-439d-b6a3-dbc87c0933c6]: Assigning socketPath: \\?\pipe\C:\Users\nandy\Documents\JavaScript\AMAZON\amazon-clone\functions\18556 {"metadata":{"emulator":{"name":"functions"},"message":"[worker-api-8c9b3e5a-737f-439d-b6a3-dbc87c0933c6]: Assigning socketPath: \\\\?\\pipe\\C:\\Users\\nandy\\Documents\\JavaScript\\AMAZON\\amazon-clone\\functions\\18556"}}
[debug] [2021-04-14T11:43:40.080Z] [worker-api-8c9b3e5a-737f-439d-b6a3-dbc87c0933c6]: BUSY {"metadata":{"emulator":{"name":"functions"},"message":"[worker-api-8c9b3e5a-737f-439d-b6a3-dbc87c0933c6]: BUSY"}}
[debug] [2021-04-14T11:43:40.500Z] [runtime-status] [18556] Functions runtime initialized. {"cwd":"C:\\Users\\nandy\\Documents\\JavaScript\\AMAZON\\amazon-clone\\functions","node_version":"13.11.0"} {"metadata":{"emulator":{"name":"functions"},"function":{"name":"api"},"message":"[runtime-status] [18556] Functions runtime initialized. {\"cwd\":\"C:\\\\Users\\\\nandy\\\\Documents\\\\JavaScript\\\\AMAZON\\\\amazon-clone\\\\functions\",\"node_version\":\"13.11.0\"}"}}
[debug] [2021-04-14T11:43:40.504Z] [runtime-status] [18556] Disabled runtime features: undefined {"metadata":{"emulator":{"name":"functions"},"function":{"name":"api"},"message":"[runtime-status] [18556] Disabled runtime features: undefined"}}
[debug] [2021-04-14T11:43:40.508Z] [runtime-status] [18556] Resolved module firebase-admin {"declared":true,"installed":true,"version":"9.6.0","resolution":"C:\\Users\\nandy\\Documents\\JavaScript\\AMAZON\\amazon-clone\\functions\\node_modules\\firebase-admin\\lib\\index.js"} {"metadata":{"emulator":{"name":"functions"},"function":{"name":"api"},"message":"[runtime-status] [18556] Resolved module firebase-admin {\"declared\":true,\"installed\":true,\"version\":\"9.6.0\",\"resolution\":\"C:\\\\Users\\\\nandy\\\\Documents\\\\JavaScript\\\\AMAZON\\\\amazon-clone\\\\functions\\\\node_modules\\\\firebase-admin\\\\lib\\\\index.js\"}"}}
[debug] [2021-04-14T11:43:40.511Z] [runtime-status] [18556] Resolved module firebase-functions {"declared":true,"installed":true,"version":"3.13.2","resolution":"C:\\Users\\nandy\\Documents\\JavaScript\\AMAZON\\amazon-clone\\functions\\node_modules\\firebase-functions\\lib\\index.js"} {"metadata":{"emulator":{"name":"functions"},"function":{"name":"api"},"message":"[runtime-status] [18556] Resolved module firebase-functions {\"declared\":true,\"installed\":true,\"version\":\"3.13.2\",\"resolution\":\"C:\\\\Users\\\\nandy\\\\Documents\\\\JavaScript\\\\AMAZON\\\\amazon-clone\\\\functions\\\\node_modules\\\\firebase-functions\\\\lib\\\\index.js\"}"}}
[debug] [2021-04-14T11:43:40.513Z] [runtime-status] [18556] Resolved module firebase-functions {"declared":true,"installed":true,"version":"3.13.2","resolution":"C:\\Users\\nandy\\Documents\\JavaScript\\AMAZON\\amazon-clone\\functions\\node_modules\\firebase-functions\\lib\\index.js"} {"metadata":{"emulator":{"name":"functions"},"function":{"name":"api"},"message":"[runtime-status] [18556] Resolved module firebase-functions {\"declared\":true,\"installed\":true,\"version\":\"3.13.2\",\"resolution\":\"C:\\\\Users\\\\nandy\\\\Documents\\\\JavaScript\\\\AMAZON\\\\amazon-clone\\\\functions\\\\node_modules\\\\firebase-functions\\\\lib\\\\index.js\"}"}}
[debug] [2021-04-14T11:43:40.516Z] [runtime-status] [18556] Outgoing network have been stubbed. [{"name":"http","status":"mocked"},{"name":"http","status":"mocked"},{"name":"https","status":"mocked"},{"name":"https","status":"mocked"},{"name":"net","status":"mocked"}] {"metadata":{"emulator":{"name":"functions"},"function":{"name":"api"},"message":"[runtime-status] [18556] Outgoing network have been stubbed. [{\"name\":\"http\",\"status\":\"mocked\"},{\"name\":\"http\",\"status\":\"mocked\"},{\"name\":\"https\",\"status\":\"mocked\"},{\"name\":\"https\",\"status\":\"mocked\"},{\"name\":\"net\",\"status\":\"mocked\"}]"}}
[debug] [2021-04-14T11:43:40.517Z] [runtime-status] [18556] Resolved module firebase-functions {"declared":true,"installed":true,"version":"3.13.2","resolution":"C:\\Users\\nandy\\Documents\\JavaScript\\AMAZON\\amazon-clone\\functions\\node_modules\\firebase-functions\\lib\\index.js"} {"metadata":{"emulator":{"name":"functions"},"function":{"name":"api"},"message":"[runtime-status] [18556] Resolved module firebase-functions {\"declared\":true,\"installed\":true,\"version\":\"3.13.2\",\"resolution\":\"C:\\\\Users\\\\nandy\\\\Documents\\\\JavaScript\\\\AMAZON\\\\amazon-clone\\\\functions\\\\node_modules\\\\firebase-functions\\\\lib\\\\index.js\"}"}}
[debug] [2021-04-14T11:43:40.611Z] [runtime-status] [18556] Checked functions.config() {"config":{}} {"metadata":{"emulator":{"name":"functions"},"function":{"name":"api"},"message":"[runtime-status] [18556] Checked functions.config() {\"config\":{}}"}}
[debug] [2021-04-14T11:43:40.612Z] [runtime-status] [18556] firebase-functions has been stubbed. {"functionsResolution":{"declared":true,"installed":true,"version":"3.13.2","resolution":"C:\\Users\\nandy\\Documents\\JavaScript\\AMAZON\\amazon-clone\\functions\\node_modules\\firebase-functions\\lib\\index.js"}} {"metadata":{"emulator":{"name":"functions"},"function":{"name":"api"},"message":"[runtime-status] [18556] firebase-functions has been stubbed. {\"functionsResolution\":{\"declared\":true,\"installed\":true,\"version\":\"3.13.2\",\"resolution\":\"C:\\\\Users\\\\nandy\\\\Documents\\\\JavaScript\\\\AMAZON\\\\amazon-clone\\\\functions\\\\node_modules\\\\firebase-functions\\\\lib\\\\index.js\"}}"}}
[debug] [2021-04-14T11:43:40.612Z] [runtime-status] [18556] Resolved module firebase-functions {"declared":true,"installed":true,"version":"3.13.2","resolution":"C:\\Users\\nandy\\Documents\\JavaScript\\AMAZON\\amazon-clone\\functions\\node_modules\\firebase-functions\\lib\\index.js"} {"metadata":{"emulator":{"name":"functions"},"function":{"name":"api"},"message":"[runtime-status] [18556] Resolved module firebase-functions {\"declared\":true,\"installed\":true,\"version\":\"3.13.2\",\"resolution\":\"C:\\\\Users\\\\nandy\\\\Documents\\\\JavaScript\\\\AMAZON\\\\amazon-clone\\\\functions\\\\node_modules\\\\firebase-functions\\\\lib\\\\index.js\"}"}}
[debug] [2021-04-14T11:43:40.614Z] [runtime-status] [18556] Resolved module firebase-admin {"declared":true,"installed":true,"version":"9.6.0","resolution":"C:\\Users\\nandy\\Documents\\JavaScript\\AMAZON\\amazon-clone\\functions\\node_modules\\firebase-admin\\lib\\index.js"} {"metadata":{"emulator":{"name":"functions"},"function":{"name":"api"},"message":"[runtime-status] [18556] Resolved module firebase-admin {\"declared\":true,\"installed\":true,\"version\":\"9.6.0\",\"resolution\":\"C:\\\\Users\\\\nandy\\\\Documents\\\\JavaScript\\\\AMAZON\\\\amazon-clone\\\\functions\\\\node_modules\\\\firebase-admin\\\\lib\\\\index.js\"}"}}
[debug] [2021-04-14T11:43:40.623Z] [runtime-status] [18556] Resolved module firebase-functions {"declared":true,"installed":true,"version":"3.13.2","resolution":"C:\\Users\\nandy\\Documents\\JavaScript\\AMAZON\\amazon-clone\\functions\\node_modules\\firebase-functions\\lib\\index.js"} {"metadata":{"emulator":{"name":"functions"},"function":{"name":"api"},"message":"[runtime-status] [18556] Resolved module firebase-functions {\"declared\":true,\"installed\":true,\"version\":\"3.13.2\",\"resolution\":\"C:\\\\Users\\\\nandy\\\\Documents\\\\JavaScript\\\\AMAZON\\\\amazon-clone\\\\functions\\\\node_modules\\\\firebase-functions\\\\lib\\\\index.js\"}"}}
[debug] [2021-04-14T11:43:40.624Z] [runtime-status] [18556] firebase-admin has been stubbed. {"adminResolution":{"declared":true,"installed":true,"version":"9.6.0","resolution":"C:\\Users\\nandy\\Documents\\JavaScript\\AMAZON\\amazon-clone\\functions\\node_modules\\firebase-admin\\lib\\index.js"}} {"metadata":{"emulator":{"name":"functions"},"function":{"name":"api"},"message":"[runtime-status] [18556] firebase-admin has been stubbed. {\"adminResolution\":{\"declared\":true,\"installed\":true,\"version\":\"9.6.0\",\"resolution\":\"C:\\\\Users\\\\nandy\\\\Documents\\\\JavaScript\\\\AMAZON\\\\amazon-clone\\\\functions\\\\node_modules\\\\firebase-admin\\\\lib\\\\index.js\"}}"}}
[debug] [2021-04-14T11:43:41.481Z] [runtime-status] [18556] Trigger "api" has been found, beginning invocation! {"metadata":{"emulator":{"name":"functions"},"function":{"name":"api"},"message":"[runtime-status] [18556] Trigger \"api\" has been found, beginning invocation!"}}
[info] i  functions: Beginning execution of "api" {"metadata":{"emulator":{"name":"functions"},"function":{"name":"api"},"message":"Beginning execution of \"api\""}}
[debug] [2021-04-14T11:43:41.484Z] [runtime-status] [18556] triggerDefinition {"httpsTrigger":{},"name":"api","entryPoint":"api"} {"metadata":{"emulator":{"name":"functions"},"function":{"name":"api"},"message":"[runtime-status] [18556] triggerDefinition {\"httpsTrigger\":{},\"name\":\"api\",\"entryPoint\":\"api\"}"}}
[debug] [2021-04-14T11:43:41.486Z] [runtime-status] [18556] Running api in mode HTTPS {"metadata":{"emulator":{"name":"functions"},"function":{"name":"api"},"message":"[runtime-status] [18556] Running api in mode HTTPS"}}
[debug] [2021-04-14T11:43:41.496Z] [runtime-status] [18556] Attempting to listen to socketPath: \\?\pipe\C:\Users\nandy\Documents\JavaScript\AMAZON\amazon-clone\functions\18556 {"metadata":{"emulator":{"name":"functions"},"function":{"name":"api"},"message":"[runtime-status] [18556] Attempting to listen to socketPath: \\\\?\\pipe\\C:\\Users\\nandy\\Documents\\JavaScript\\AMAZON\\amazon-clone\\functions\\18556"}}
[debug] [2021-04-14T11:43:41.505Z] [functions] Runtime ready! Sending request! {"metadata":{"emulator":{"name":"functions"},"message":"[functions] Runtime ready! Sending request!"}}
[debug] [2021-04-14T11:43:41.506Z] [functions] Got req.url=/clone-ccc8b/us-central1/api, mapping to path=/ {"metadata":{"emulator":{"name":"functions"},"message":"[functions] Got req.url=/clone-ccc8b/us-central1/api, mapping to path=/"}}
[debug] [2021-04-14T11:43:41.529Z] [runtime-status] [18556] Ephemeral server handling GET request {"metadata":{"emulator":{"name":"functions"},"function":{"name":"api"},"message":"[runtime-status] [18556] Ephemeral server handling GET request"}}
[debug] [2021-04-14T11:43:41.552Z] [runtime-status] [18556] Ephemeral server survived. {"metadata":{"emulator":{"name":"functions"},"function":{"name":"api"},"message":"[runtime-status] [18556] Ephemeral server survived."}}
[info] i  functions: Finished "api" in ~1s {"metadata":{"emulator":{"name":"functions"},"function":{"name":"api"},"message":"Finished \"api\" in ~1s"}}
[debug] [2021-04-14T11:43:41.561Z] [worker-api-8c9b3e5a-737f-439d-b6a3-dbc87c0933c6]: IDLE {"metadata":{"emulator":{"name":"functions"},"message":"[worker-api-8c9b3e5a-737f-439d-b6a3-dbc87c0933c6]: IDLE"}}
[debug] [2021-04-14T11:43:41.562Z] [work-queue] {"queueLength":0,"workRunningCount":0}
[debug] [2021-04-14T11:43:41.766Z] Functions emulator received unknown request at path /favicon.ico
[debug] [2021-04-14T12:14:51.157Z] [worker-api-8c9b3e5a-737f-439d-b6a3-dbc87c0933c6]: exited {"metadata":{"emulator":{"name":"functions"},"message":"[worker-api-8c9b3e5a-737f-439d-b6a3-dbc87c0933c6]: exited"}}
[debug] [2021-04-14T12:14:51.191Z] [worker-api-8c9b3e5a-737f-439d-b6a3-dbc87c0933c6]: FINISHED {"metadata":{"emulator":{"name":"functions"},"message":"[worker-api-8c9b3e5a-737f-439d-b6a3-dbc87c0933c6]: FINISHED"}}
[debug] [2021-04-14T12:14:56.115Z] [worker-~diagnostic~-5cb8205d-765c-4fcb-9379-33dbd6a7cce9]: exited {"metadata":{"emulator":{"name":"functions"},"message":"[worker-~diagnostic~-5cb8205d-765c-4fcb-9379-33dbd6a7cce9]: exited"}}
[debug] [2021-04-14T12:14:56.115Z] [worker-~diagnostic~-5cb8205d-765c-4fcb-9379-33dbd6a7cce9]: FINISHED {"metadata":{"emulator":{"name":"functions"},"message":"[worker-~diagnostic~-5cb8205d-765c-4fcb-9379-33dbd6a7cce9]: FINISHED"}}
